<?xml version="1.0" encoding="UTF-8"?>
<!-- Generated by org.testng.reporters.JUnitReportReporter -->
<testsuite skipped="0" hostname="Muralis-MacBook-Pro.local" name="com.shipt.qa.automation.restapi.tests.SwapiEndpoints" tests="3" failures="0" timestamp="03 May 2018 18:43:00 GMT" time="5.417" errors="0">
  <testcase name="testPeopleEndpointBySearchParameter" time="3.492" classname="com.shipt.qa.automation.restapi.tests.SwapiEndpoints"/>
  <testcase name="testHomeworldEndpoint" time="0.546" classname="com.shipt.qa.automation.restapi.tests.SwapiEndpoints"/>
  <testcase name="testFilmsEndpoint" time="1.379" classname="com.shipt.qa.automation.restapi.tests.SwapiEndpoints"/>
</testsuite> <!-- com.shipt.qa.automation.restapi.tests.SwapiEndpoints -->
