<?xml version="1.0" encoding="UTF-8"?>
<!-- Generated by org.testng.reporters.JUnitReportReporter -->
<testsuite skipped="1" hostname="Muralis-MacBook-Pro.local" name="com.shipt.qa.automation.tests.ForgotPasswordPageTest" tests="5" failures="0" timestamp="03 May 2018 20:24:09 GMT" time="79.226" errors="0">
  <testcase name="verifyResetPagePasswordTextBoxTest" time="18.477" classname="com.shipt.qa.automation.tests.ForgotPasswordPageTest"/>
  <testcase name="verifyResetButtonTest" time="14.845" classname="com.shipt.qa.automation.tests.ForgotPasswordPageTest"/>
  <testcase name="verifyResetPasswordButtonClickWithInvalidEmail" time="18.170" classname="com.shipt.qa.automation.tests.ForgotPasswordPageTest"/>
  <testcase name="verifyResetPasswordButtonClickWithValidEmail" time="27.734" classname="com.shipt.qa.automation.tests.ForgotPasswordPageTest"/>
  <testcase name="verifyResetPasswordButtonClickWithEmptyEmail" classname="com.shipt.qa.automation.tests.ForgotPasswordPageTest">
    <skipped/>
  </testcase> <!-- verifyResetPasswordButtonClickWithEmptyEmail -->
</testsuite> <!-- com.shipt.qa.automation.tests.ForgotPasswordPageTest -->
