<?xml version="1.0" encoding="UTF-8"?>
<!-- Generated by org.testng.reporters.JUnitReportReporter -->
<testsuite skipped="0" hostname="Muralis-MacBook-Pro.local" name="com.shipt.qa.automation.tests.LoginPageTest" tests="1" failures="0" timestamp="03 May 2018 18:43:00 GMT" time="15.194" errors="0">
  <testcase name="verifyLoginPageTitle" time="15.194" classname="com.shipt.qa.automation.tests.LoginPageTest"/>
</testsuite> <!-- com.shipt.qa.automation.tests.LoginPageTest -->
