<?xml version="1.0" encoding="UTF-8"?>
<!-- Generated by org.testng.reporters.JUnitReportReporter -->
<testsuite skipped="0" hostname="Muralis-MacBook-Pro.local" name="com.shipt.qa.automation.restapi.tests.PeopleEndpoints" tests="3" failures="0" timestamp="03 May 2018 00:01:03 GMT" time="2.774" errors="0">
  <testcase name="testPeopleEndpointBySearchParameter" time="1.734" classname="com.shipt.qa.automation.restapi.tests.PeopleEndpoints"/>
  <testcase name="testHomeworldEndpoint" time="0.501" classname="com.shipt.qa.automation.restapi.tests.PeopleEndpoints"/>
  <testcase name="testFilmsEndpoint" time="0.539" classname="com.shipt.qa.automation.restapi.tests.PeopleEndpoints"/>
</testsuite> <!-- com.shipt.qa.automation.restapi.tests.PeopleEndpoints -->
