<?xml version="1.0" encoding="UTF-8"?>
<!-- Generated by org.testng.reporters.JUnitReportReporter -->
<testsuite skipped="0" hostname="Muralis-MacBook-Pro.local" name="com.shipt.qa.automation.tests.HomePageTest" tests="3" failures="0" timestamp="03 May 2018 18:43:00 GMT" time="10.163" errors="0">
  <testcase name="VerifyHomePageTitle" time="0.009" classname="com.shipt.qa.automation.tests.HomePageTest"/>
  <testcase name="closePopUpWindow" time="5.073" classname="com.shipt.qa.automation.tests.HomePageTest"/>
  <testcase name="clickLoginButton" time="5.081" classname="com.shipt.qa.automation.tests.HomePageTest"/>
</testsuite> <!-- com.shipt.qa.automation.tests.HomePageTest -->
